mode: set
github.com/Batyr2024/todoGolang/internal/usecase/task.go:23.50,27.2 1 1
github.com/Batyr2024/todoGolang/internal/usecase/task.go:29.72,32.2 2 1
github.com/Batyr2024/todoGolang/internal/usecase/task.go:34.87,37.2 2 1
github.com/Batyr2024/todoGolang/internal/usecase/task.go:39.65,42.2 2 1
github.com/Batyr2024/todoGolang/internal/usecase/task.go:43.86,46.2 2 1
github.com/Batyr2024/todoGolang/internal/usecase/task.go:48.77,51.2 2 1
github.com/Batyr2024/todoGolang/internal/usecase/task.go:53.56,56.2 2 1
github.com/Batyr2024/todoGolang/internal/usecase/task.go:58.78,61.2 2 1
github.com/Batyr2024/todoGolang/internal/repository/task.go:27.48,29.2 1 0
github.com/Batyr2024/todoGolang/internal/repository/task.go:30.46,32.2 1 0
github.com/Batyr2024/todoGolang/internal/repository/task.go:34.75,37.2 2 0
github.com/Batyr2024/todoGolang/internal/repository/task.go:39.90,42.2 2 0
github.com/Batyr2024/todoGolang/internal/repository/task.go:44.68,47.2 2 0
github.com/Batyr2024/todoGolang/internal/repository/task.go:49.89,52.2 2 0
github.com/Batyr2024/todoGolang/internal/repository/task.go:54.80,57.2 2 0
github.com/Batyr2024/todoGolang/internal/repository/task.go:59.59,62.2 2 0
github.com/Batyr2024/todoGolang/internal/repository/task.go:64.81,67.2 2 0
github.com/Batyr2024/todoGolang/internal/api/handler/task.go:37.46,39.2 1 1
github.com/Batyr2024/todoGolang/internal/api/handler/task.go:49.40,51.16 2 1
github.com/Batyr2024/todoGolang/internal/api/handler/task.go:51.16,54.3 2 0
github.com/Batyr2024/todoGolang/internal/api/handler/task.go:55.2,55.30 1 1
github.com/Batyr2024/todoGolang/internal/api/handler/task.go:66.43,69.24 3 1
github.com/Batyr2024/todoGolang/internal/api/handler/task.go:69.24,74.3 2 1
github.com/Batyr2024/todoGolang/internal/api/handler/task.go:75.2,76.20 2 1
github.com/Batyr2024/todoGolang/internal/api/handler/task.go:76.20,79.3 2 1
github.com/Batyr2024/todoGolang/internal/api/handler/task.go:80.2,80.33 1 1
github.com/Batyr2024/todoGolang/internal/api/handler/task.go:91.39,93.46 2 1
github.com/Batyr2024/todoGolang/internal/api/handler/task.go:93.46,96.3 2 0
github.com/Batyr2024/todoGolang/internal/api/handler/task.go:97.2,97.25 1 1
github.com/Batyr2024/todoGolang/internal/api/handler/task.go:97.25,100.3 2 1
github.com/Batyr2024/todoGolang/internal/api/handler/task.go:101.2,102.16 2 1
github.com/Batyr2024/todoGolang/internal/api/handler/task.go:102.16,105.3 2 0
github.com/Batyr2024/todoGolang/internal/api/handler/task.go:106.2,106.37 1 1
github.com/Batyr2024/todoGolang/internal/api/handler/task.go:117.50,120.41 3 1
github.com/Batyr2024/todoGolang/internal/api/handler/task.go:120.41,123.3 2 1
github.com/Batyr2024/todoGolang/internal/api/handler/task.go:124.2,126.47 3 1
github.com/Batyr2024/todoGolang/internal/api/handler/task.go:126.47,131.3 2 1
github.com/Batyr2024/todoGolang/internal/api/handler/task.go:132.2,133.19 2 1
github.com/Batyr2024/todoGolang/internal/api/handler/task.go:133.19,136.3 2 0
github.com/Batyr2024/todoGolang/internal/api/handler/task.go:137.2,137.33 1 1
github.com/Batyr2024/todoGolang/internal/api/handler/task.go:148.49,151.25 3 1
github.com/Batyr2024/todoGolang/internal/api/handler/task.go:151.25,156.3 2 1
github.com/Batyr2024/todoGolang/internal/api/handler/task.go:157.2,158.19 2 1
github.com/Batyr2024/todoGolang/internal/api/handler/task.go:158.19,161.3 2 1
github.com/Batyr2024/todoGolang/internal/api/handler/task.go:162.2,162.33 1 1
github.com/Batyr2024/todoGolang/internal/api/handler/task.go:173.42,175.20 2 1
github.com/Batyr2024/todoGolang/internal/api/handler/task.go:175.20,178.3 2 1
github.com/Batyr2024/todoGolang/internal/api/handler/task.go:179.2,179.33 1 1
github.com/Batyr2024/todoGolang/internal/api/handler/task.go:190.43,192.46 2 1
github.com/Batyr2024/todoGolang/internal/api/handler/task.go:192.46,195.3 2 0
github.com/Batyr2024/todoGolang/internal/api/handler/task.go:196.2,196.45 1 1
github.com/Batyr2024/todoGolang/internal/api/handler/task.go:196.45,199.3 2 1
github.com/Batyr2024/todoGolang/internal/api/handler/task.go:200.2,201.20 2 1
github.com/Batyr2024/todoGolang/internal/api/handler/task.go:201.20,204.3 2 1
github.com/Batyr2024/todoGolang/internal/api/handler/task.go:205.2,205.26 1 1
github.com/Batyr2024/todoGolang/internal/api/handler/task.go:208.41,209.54 1 0
